# JRE version: OpenJDK Runtime Environment (8.0_242-b01) (build 1.8.0_242-release-1644-b01)
# Java VM: OpenJDK 64-Bit Server VM (25.242-b01 mixed mode windows-amd64 compressed oops)
Heap:
 PSYoungGen      total 81920K, used 14784K [0x00000000d5580000, 0x00000000db000000, 0x0000000100000000)
  eden space 71168K, 11% used [0x00000000d5580000,0x00000000d5d58d70,0x00000000d9b00000)
  from space 10752K, 62% used [0x00000000d9b00000,0x00000000da197438,0x00000000da580000)
  to   space 9216K, 0% used [0x00000000da700000,0x00000000da700000,0x00000000db000000)
 ParOldGen       total 79872K, used 14807K [0x0000000080000000, 0x0000000084e00000, 0x00000000d5580000)
  object space 79872K, 18% used [0x0000000080000000,0x0000000080e75e90,0x0000000084e00000)
 Metaspace       used 37442K, capacity 39158K, committed 39384K, reserved 1083392K
  class space    used 5166K, capacity 5550K, committed 5632K, reserved 1048576K
GC Heap History (10 events):
Event: 16.310 GC heap before
{Heap before GC invocations=8 (full 1):
 PSYoungGen      total 42496K, used 32256K [0x00000000d5580000, 0x00000000daa80000, 0x0000000100000000)
  eden space 32256K, 100% used [0x00000000d5580000,0x00000000d7500000,0x00000000d7500000)
  from space 10240K, 0% used [0x00000000d7f80000,0x00000000d7f80000,0x00000000d8980000)
  to   space 10752K, 0% used [0x00000000d7500000,0x00000000d7500000,0x00000000d7f80000)
 ParOldGen       total 57856K, used 9375K [0x0000000080000000, 0x0000000083880000, 0x00000000d5580000)
  object space 57856K, 16% used [0x0000000080000000,0x0000000080927fb8,0x0000000083880000)
 Metaspace       used 22253K, capacity 23270K, committed 23424K, reserved 1069056K
  class space    used 3131K, capacity 3387K, committed 3456K, reserved 1048576K
Event: 16.314 GC heap after
Heap after GC invocations=8 (full 1):
 PSYoungGen      total 43008K, used 2573K [0x00000000d5580000, 0x00000000d9e80000, 0x0000000100000000)
  eden space 32256K, 0% used [0x00000000d5580000,0x00000000d5580000,0x00000000d7500000)
  from space 10752K, 23% used [0x00000000d7500000,0x00000000d7783448,0x00000000d7f80000)
  to   space 11264K, 0% used [0x00000000d9380000,0x00000000d9380000,0x00000000d9e80000)
 ParOldGen       total 57856K, used 9383K [0x0000000080000000, 0x0000000083880000, 0x00000000d5580000)
  object space 57856K, 16% used [0x0000000080000000,0x0000000080929fb8,0x0000000083880000)
 Metaspace       used 22253K, capacity 23270K, committed 23424K, reserved 1069056K
  class space    used 3131K, capacity 3387K, committed 3456K, reserved 1048576K
}
Event: 19.208 GC heap before
{Heap before GC invocations=9 (full 1):
 PSYoungGen      total 43008K, used 34829K [0x00000000d5580000, 0x00000000d9e80000, 0x0000000100000000)
  eden space 32256K, 100% used [0x00000000d5580000,0x00000000d7500000,0x00000000d7500000)
  from space 10752K, 23% used [0x00000000d7500000,0x00000000d7783448,0x00000000d7f80000)
  to   space 11264K, 0% used [0x00000000d9380000,0x00000000d9380000,0x00000000d9e80000)
 ParOldGen       total 57856K, used 9383K [0x0000000080000000, 0x0000000083880000, 0x00000000d5580000)
  object space 57856K, 16% used [0x0000000080000000,0x0000000080929fb8,0x0000000083880000)
 Metaspace       used 25338K, capacity 26418K, committed 26496K, reserved 1071104K
  class space    used 3613K, capacity 3890K, committed 3968K, reserved 1048576K
Event: 19.214 GC heap after
Heap after GC invocations=9 (full 1):
 PSYoungGen      total 59392K, used 4726K [0x00000000d5580000, 0x00000000d9c00000, 0x0000000100000000)
  eden space 50688K, 0% used [0x00000000d5580000,0x00000000d5580000,0x00000000d8700000)
  from space 8704K, 54% used [0x00000000d9380000,0x00000000d981d9d8,0x00000000d9c00000)
  to   space 10752K, 0% used [0x00000000d8700000,0x00000000d8700000,0x00000000d9180000)
 ParOldGen       total 57856K, used 9391K [0x0000000080000000, 0x0000000083880000, 0x00000000d5580000)
  object space 57856K, 16% used [0x0000000080000000,0x000000008092bfb8,0x0000000083880000)
 Metaspace       used 25338K, capacity 26418K, committed 26496K, reserved 1071104K
  class space    used 3613K, capacity 3890K, committed 3968K, reserved 1048576K
}
Event: 21.480 GC heap before
{Heap before GC invocations=10 (full 1):
 PSYoungGen      total 59392K, used 55414K [0x00000000d5580000, 0x00000000d9c00000, 0x0000000100000000)
  eden space 50688K, 100% used [0x00000000d5580000,0x00000000d8700000,0x00000000d8700000)
  from space 8704K, 54% used [0x00000000d9380000,0x00000000d981d9d8,0x00000000d9c00000)
  to   space 10752K, 0% used [0x00000000d8700000,0x00000000d8700000,0x00000000d9180000)
 ParOldGen       total 57856K, used 9391K [0x0000000080000000, 0x0000000083880000, 0x00000000d5580000)
  object space 57856K, 16% used [0x0000000080000000,0x000000008092bfb8,0x0000000083880000)
 Metaspace       used 32186K, capacity 33362K, committed 33664K, reserved 1079296K
  class space    used 4350K, capacity 4656K, committed 4736K, reserved 1048576K
Event: 21.551 GC heap after
Heap after GC invocations=10 (full 1):
 PSYoungGen      total 61440K, used 8292K [0x00000000d5580000, 0x00000000db200000, 0x0000000100000000)
  eden space 50688K, 0% used [0x00000000d5580000,0x00000000d5580000,0x00000000d8700000)
  from space 10752K, 77% used [0x00000000d8700000,0x00000000d8f19300,0x00000000d9180000)
  to   space 11264K, 0% used [0x00000000da700000,0x00000000da700000,0x00000000db200000)
 ParOldGen       total 57856K, used 9399K [0x0000000080000000, 0x0000000083880000, 0x00000000d5580000)
  object space 57856K, 16% used [0x0000000080000000,0x000000008092dfb8,0x0000000083880000)
 Metaspace       used 32186K, capacity 33362K, committed 33664K, reserved 1079296K
  class space    used 4350K, capacity 4656K, committed 4736K, reserved 1048576K
}
Event: 24.801 GC heap before
{Heap before GC invocations=11 (full 1):
 PSYoungGen      total 61440K, used 45723K [0x00000000d5580000, 0x00000000db200000, 0x0000000100000000)
  eden space 50688K, 73% used [0x00000000d5580000,0x00000000d7a0dc10,0x00000000d8700000)
  from space 10752K, 77% used [0x00000000d8700000,0x00000000d8f19300,0x00000000d9180000)
  to   space 11264K, 0% used [0x00000000da700000,0x00000000da700000,0x00000000db200000)
 ParOldGen       total 57856K, used 9399K [0x0000000080000000, 0x0000000083880000, 0x00000000d5580000)
  object space 57856K, 16% used [0x0000000080000000,0x000000008092dfb8,0x0000000083880000)
 Metaspace       used 33983K, capacity 35274K, committed 35416K, reserved 1079296K
  class space    used 4584K, capacity 4912K, committed 4992K, reserved 1048576K
Event: 24.815 GC heap after
Heap after GC invocations=11 (full 1):
 PSYoungGen      total 80384K, used 6483K [0x00000000d5580000, 0x00000000db000000, 0x0000000100000000)
  eden space 71168K, 0% used [0x00000000d5580000,0x00000000d5580000,0x00000000d9b00000)
  from space 9216K, 70% used [0x00000000da700000,0x00000000dad54f80,0x00000000db000000)
  to   space 10752K, 0% used [0x00000000d9b00000,0x00000000d9b00000,0x00000000da580000)
 ParOldGen       total 57856K, used 11230K [0x0000000080000000, 0x0000000083880000, 0x00000000d5580000)
  object space 57856K, 19% used [0x0000000080000000,0x0000000080af7988,0x0000000083880000)
 Metaspace       used 33983K, capacity 35274K, committed 35416K, reserved 1079296K
  class space    used 4584K, capacity 4912K, committed 4992K, reserved 1048576K
}
Event: 24.815 GC heap before
{Heap before GC invocations=12 (full 2):
 PSYoungGen      total 80384K, used 6483K [0x00000000d5580000, 0x00000000db000000, 0x0000000100000000)
  eden space 71168K, 0% used [0x00000000d5580000,0x00000000d5580000,0x00000000d9b00000)
  from space 9216K, 70% used [0x00000000da700000,0x00000000dad54f80,0x00000000db000000)
  to   space 10752K, 0% used [0x00000000d9b00000,0x00000000d9b00000,0x00000000da580000)
 ParOldGen       total 57856K, used 11230K [0x0000000080000000, 0x0000000083880000, 0x00000000d5580000)
  object space 57856K, 19% used [0x0000000080000000,0x0000000080af7988,0x0000000083880000)
 Metaspace       used 33983K, capacity 35274K, committed 35416K, reserved 1079296K
  class space    used 4584K, capacity 4912K, committed 4992K, reserved 1048576K
Event: 24.889 GC heap after
Heap after GC invocations=12 (full 2):
 PSYoungGen      total 80384K, used 0K [0x00000000d5580000, 0x00000000db000000, 0x0000000100000000)
  eden space 71168K, 0% used [0x00000000d5580000,0x00000000d5580000,0x00000000d9b00000)
  from space 9216K, 0% used [0x00000000da700000,0x00000000da700000,0x00000000db000000)
  to   space 10752K, 0% used [0x00000000d9b00000,0x00000000d9b00000,0x00000000da580000)
 ParOldGen       total 79872K, used 14799K [0x0000000080000000, 0x0000000084e00000, 0x00000000d5580000)
  object space 79872K, 18% used [0x0000000080000000,0x0000000080e73e90,0x0000000084e00000)
 Metaspace       used 33983K, capacity 35274K, committed 35416K, reserved 1079296K
  class space    used 4584K, capacity 4912K, committed 4992K, reserved 1048576K
}

