# JRE version: OpenJDK Runtime Environment (8.0_242-b01) (build 1.8.0_242-release-1644-b01)
# Java VM: OpenJDK 64-Bit Server VM (25.242-b01 mixed mode windows-amd64 compressed oops)
Heap:
 PSYoungGen      total 116224K, used 92228K [0x00000000d5580000, 0x00000000df800000, 0x0000000100000000)
  eden space 104960K, 87% used [0x00000000d5580000,0x00000000daf91120,0x00000000dbc00000)
  from space 11264K, 0% used [0x00000000dbc00000,0x00000000dbc00000,0x00000000dc700000)
  to   space 11264K, 0% used [0x00000000ded00000,0x00000000ded00000,0x00000000df800000)
 ParOldGen       total 58368K, used 13906K [0x0000000080000000, 0x0000000083900000, 0x00000000d5580000)
  object space 58368K, 23% used [0x0000000080000000,0x0000000080d94930,0x0000000083900000)
 Metaspace       used 38223K, capacity 39988K, committed 40280K, reserved 1083392K
  class space    used 5264K, capacity 5601K, committed 5720K, reserved 1048576K
GC Heap History (10 events):
Event: 13.186 GC heap before
{Heap before GC invocations=7 (full 1):
 PSYoungGen      total 76288K, used 8477K [0x00000000d5580000, 0x00000000dab80000, 0x0000000100000000)
  eden space 66048K, 0% used [0x00000000d5580000,0x00000000d5580000,0x00000000d9600000)
  from space 10240K, 82% used [0x00000000da080000,0x00000000da8c77b0,0x00000000daa80000)
  to   space 10752K, 0% used [0x00000000d9600000,0x00000000d9600000,0x00000000da080000)
 ParOldGen       total 87552K, used 6979K [0x0000000080000000, 0x0000000085580000, 0x00000000d5580000)
  object space 87552K, 7% used [0x0000000080000000,0x00000000806d0ce8,0x0000000085580000)
 Metaspace       used 20480K, capacity 21204K, committed 21248K, reserved 1067008K
  class space    used 2847K, capacity 3032K, committed 3072K, reserved 1048576K
Event: 13.261 GC heap after
Heap after GC invocations=7 (full 1):
 PSYoungGen      total 76288K, used 0K [0x00000000d5580000, 0x00000000dab80000, 0x0000000100000000)
  eden space 66048K, 0% used [0x00000000d5580000,0x00000000d5580000,0x00000000d9600000)
  from space 10240K, 0% used [0x00000000da080000,0x00000000da080000,0x00000000daa80000)
  to   space 10752K, 0% used [0x00000000d9600000,0x00000000d9600000,0x00000000da080000)
 ParOldGen       total 58368K, used 9357K [0x0000000080000000, 0x0000000083900000, 0x00000000d5580000)
  object space 58368K, 16% used [0x0000000080000000,0x0000000080923460,0x0000000083900000)
 Metaspace       used 20480K, capacity 21204K, committed 21248K, reserved 1067008K
  class space    used 2847K, capacity 3032K, committed 3072K, reserved 1048576K
}
Event: 17.386 GC heap before
{Heap before GC invocations=8 (full 1):
 PSYoungGen      total 76288K, used 66019K [0x00000000d5580000, 0x00000000dab80000, 0x0000000100000000)
  eden space 66048K, 99% used [0x00000000d5580000,0x00000000d95f8c58,0x00000000d9600000)
  from space 10240K, 0% used [0x00000000da080000,0x00000000da080000,0x00000000daa80000)
  to   space 10752K, 0% used [0x00000000d9600000,0x00000000d9600000,0x00000000da080000)
 ParOldGen       total 58368K, used 9357K [0x0000000080000000, 0x0000000083900000, 0x00000000d5580000)
  object space 58368K, 16% used [0x0000000080000000,0x0000000080923460,0x0000000083900000)
 Metaspace       used 25100K, capacity 26130K, committed 26496K, reserved 1071104K
  class space    used 3583K, capacity 3855K, committed 3968K, reserved 1048576K
Event: 17.394 GC heap after
Heap after GC invocations=8 (full 1):
 PSYoungGen      total 76800K, used 5825K [0x00000000d5580000, 0x00000000dd100000, 0x0000000100000000)
  eden space 66048K, 0% used [0x00000000d5580000,0x00000000d5580000,0x00000000d9600000)
  from space 10752K, 54% used [0x00000000d9600000,0x00000000d9bb0608,0x00000000da080000)
  to   space 10240K, 0% used [0x00000000dc700000,0x00000000dc700000,0x00000000dd100000)
 ParOldGen       total 58368K, used 9365K [0x0000000080000000, 0x0000000083900000, 0x00000000d5580000)
  object space 58368K, 16% used [0x0000000080000000,0x0000000080925460,0x0000000083900000)
 Metaspace       used 25100K, capacity 26130K, committed 26496K, reserved 1071104K
  class space    used 3583K, capacity 3855K, committed 3968K, reserved 1048576K
}
Event: 19.967 GC heap before
{Heap before GC invocations=9 (full 1):
 PSYoungGen      total 76800K, used 71873K [0x00000000d5580000, 0x00000000dd100000, 0x0000000100000000)
  eden space 66048K, 100% used [0x00000000d5580000,0x00000000d9600000,0x00000000d9600000)
  from space 10752K, 54% used [0x00000000d9600000,0x00000000d9bb0608,0x00000000da080000)
  to   space 10240K, 0% used [0x00000000dc700000,0x00000000dc700000,0x00000000dd100000)
 ParOldGen       total 58368K, used 9365K [0x0000000080000000, 0x0000000083900000, 0x00000000d5580000)
  object space 58368K, 16% used [0x0000000080000000,0x0000000080925460,0x0000000083900000)
 Metaspace       used 33202K, capacity 34470K, committed 34816K, reserved 1079296K
  class space    used 4476K, capacity 4782K, committed 4864K, reserved 1048576K
Event: 20.015 GC heap after
Heap after GC invocations=9 (full 1):
 PSYoungGen      total 115200K, used 9798K [0x00000000d5580000, 0x00000000dd700000, 0x0000000100000000)
  eden space 104960K, 0% used [0x00000000d5580000,0x00000000d5580000,0x00000000dbc00000)
  from space 10240K, 95% used [0x00000000dc700000,0x00000000dd0919d0,0x00000000dd100000)
  to   space 11264K, 0% used [0x00000000dbc00000,0x00000000dbc00000,0x00000000dc700000)
 ParOldGen       total 58368K, used 9373K [0x0000000080000000, 0x0000000083900000, 0x00000000d5580000)
  object space 58368K, 16% used [0x0000000080000000,0x0000000080927460,0x0000000083900000)
 Metaspace       used 33202K, capacity 34470K, committed 34816K, reserved 1079296K
  class space    used 4476K, capacity 4782K, committed 4864K, reserved 1048576K
}
Event: 23.009 GC heap before
{Heap before GC invocations=10 (full 1):
 PSYoungGen      total 115200K, used 33124K [0x00000000d5580000, 0x00000000dd700000, 0x0000000100000000)
  eden space 104960K, 22% used [0x00000000d5580000,0x00000000d6c47738,0x00000000dbc00000)
  from space 10240K, 95% used [0x00000000dc700000,0x00000000dd0919d0,0x00000000dd100000)
  to   space 11264K, 0% used [0x00000000dbc00000,0x00000000dbc00000,0x00000000dc700000)
 ParOldGen       total 58368K, used 9373K [0x0000000080000000, 0x0000000083900000, 0x00000000d5580000)
  object space 58368K, 16% used [0x0000000080000000,0x0000000080927460,0x0000000083900000)
 Metaspace       used 34036K, capacity 35346K, committed 35416K, reserved 1079296K
  class space    used 4580K, capacity 4912K, committed 4952K, reserved 1048576K
Event: 23.018 GC heap after
Heap after GC invocations=10 (full 1):
 PSYoungGen      total 116224K, used 7374K [0x00000000d5580000, 0x00000000df800000, 0x0000000100000000)
  eden space 104960K, 0% used [0x00000000d5580000,0x00000000d5580000,0x00000000dbc00000)
  from space 11264K, 65% used [0x00000000dbc00000,0x00000000dc333958,0x00000000dc700000)
  to   space 11264K, 0% used [0x00000000ded00000,0x00000000ded00000,0x00000000df800000)
 ParOldGen       total 58368K, used 9381K [0x0000000080000000, 0x0000000083900000, 0x00000000d5580000)
  object space 58368K, 16% used [0x0000000080000000,0x0000000080929460,0x0000000083900000)
 Metaspace       used 34036K, capacity 35346K, committed 35416K, reserved 1079296K
  class space    used 4580K, capacity 4912K, committed 4952K, reserved 1048576K
}
Event: 23.018 GC heap before
{Heap before GC invocations=11 (full 2):
 PSYoungGen      total 116224K, used 7374K [0x00000000d5580000, 0x00000000df800000, 0x0000000100000000)
  eden space 104960K, 0% used [0x00000000d5580000,0x00000000d5580000,0x00000000dbc00000)
  from space 11264K, 65% used [0x00000000dbc00000,0x00000000dc333958,0x00000000dc700000)
  to   space 11264K, 0% used [0x00000000ded00000,0x00000000ded00000,0x00000000df800000)
 ParOldGen       total 58368K, used 9381K [0x0000000080000000, 0x0000000083900000, 0x00000000d5580000)
  object space 58368K, 16% used [0x0000000080000000,0x0000000080929460,0x0000000083900000)
 Metaspace       used 34036K, capacity 35346K, committed 35416K, reserved 1079296K
  class space    used 4580K, capacity 4912K, committed 4952K, reserved 1048576K
Event: 23.097 GC heap after
Heap after GC invocations=11 (full 2):
 PSYoungGen      total 116224K, used 0K [0x00000000d5580000, 0x00000000df800000, 0x0000000100000000)
  eden space 104960K, 0% used [0x00000000d5580000,0x00000000d5580000,0x00000000dbc00000)
  from space 11264K, 0% used [0x00000000dbc00000,0x00000000dbc00000,0x00000000dc700000)
  to   space 11264K, 0% used [0x00000000ded00000,0x00000000ded00000,0x00000000df800000)
 ParOldGen       total 58368K, used 13906K [0x0000000080000000, 0x0000000083900000, 0x00000000d5580000)
  object space 58368K, 23% used [0x0000000080000000,0x0000000080d94930,0x0000000083900000)
 Metaspace       used 34036K, capacity 35346K, committed 35416K, reserved 1079296K
  class space    used 4580K, capacity 4912K, committed 4952K, reserved 1048576K
}

